<?xml version="1.0" encoding="UTF-8"?>
<testsuite xmlns:xsi="http://www.w3.org/2001/XMLSchema-instance" xsi:noNamespaceSchemaLocation="https://maven.apache.org/surefire/maven-surefire-plugin/xsd/surefire-test-report-3.0.xsd" version="3.0" name="com.project.controller.ClinicDashboardControllerSecurityIntegrationTest" time="22.897" tests="6" errors="0" skipped="0" failures="0">
  <properties>
[...]
</properties>
  <testcase name="whenUnauthorizedDoctorCreatesPatient_thenForbidden" classname="com.project.controller.ClinicDashboardControllerSecurityIntegrationTest" time="0.642">
    <system-out><![CDATA[16:05:37.786 [main] INFO org.springframework.test.context.support.AnnotationConfigContextLoaderUtils -- Could not detect default configuration classes for test class [com.project.controller.ClinicDashboardControllerSecurityIntegrationTest]: ClinicDashboardControllerSecurityIntegrationTest does not declare any static, non-private, non-final, nested classes annotated with @Configuration.
16:05:38.176 [main] INFO org.springframework.boot.test.context.SpringBootTestContextBootstrapper -- Found @SpringBootConfiguration com.project.BackendApplication for test class com.project.controller.ClinicDashboardControllerSecurityIntegrationTest

  .   ____          _            __ _ _
 /\\ / ___'_ __ _ _(_)_ __  __ _ \ \ \ \
( ( )\___ | '_ | '_| | '_ \/ _` | \ \ \ \
 \\/  ___)| |_)| | | | | || (_| |  ) ) ) )
  '  |____| .__|_| |_|_| |_\__, | / / / /
 =========|_|==============|___/=/_/_/_/
 :: Spring Boot ::                (v3.2.4)

2026-05-26T16:05:39.303+07:00  INFO 19468 --- [backend] [           main] shboardControllerSecurityIntegrationTest : Starting ClinicDashboardControllerSecurityIntegrationTest using Java 24.0.1 with PID 19468 (started by HUNGCV in D:\KTPM\ktpm\backend)
2026-05-26T16:05:39.308+07:00  INFO 19468 --- [backend] [           main] shboardControllerSecurityIntegrationTest : The following 1 profile is active: "test"
2026-05-26T16:05:41.321+07:00  INFO 19468 --- [backend] [           main] .s.d.r.c.RepositoryConfigurationDelegate : Bootstrapping Spring Data JPA repositories in DEFAULT mode.
2026-05-26T16:05:41.738+07:00  INFO 19468 --- [backend] [           main] .s.d.r.c.RepositoryConfigurationDelegate : Finished Spring Data repository scanning in 404 ms. Found 17 JPA repository interfaces.
2026-05-26T16:05:45.434+07:00  INFO 19468 --- [backend] [           main] o.hibernate.jpa.internal.util.LogHelper  : HHH000204: Processing PersistenceUnitInfo [name: default]
2026-05-26T16:05:45.623+07:00  INFO 19468 --- [backend] [           main] org.hibernate.Version                    : HHH000412: Hibernate ORM core version 6.4.4.Final
2026-05-26T16:05:45.802+07:00  INFO 19468 --- [backend] [           main] o.h.c.internal.RegionFactoryInitiator    : HHH000026: Second-level cache disabled
2026-05-26T16:05:46.030+07:00  INFO 19468 --- [backend] [           main] o.s.o.j.p.SpringPersistenceUnitInfo      : No LoadTimeWeaver setup: ignoring JPA class transformer
2026-05-26T16:05:46.096+07:00  WARN 19468 --- [backend] [           main] org.hibernate.orm.deprecation            : HHH90000025: PostgreSQLDialect does not need to be specified explicitly using 'hibernate.dialect' (remove the property setting and it will be selected by default)
2026-05-26T16:05:48.468+07:00  INFO 19468 --- [backend] [           main] o.h.e.t.j.p.i.JtaPlatformInitiator       : HHH000489: No JTA platform available (set 'hibernate.transaction.jta.platform' to enable JTA platform integration)
2026-05-26T16:05:48.506+07:00  INFO 19468 --- [backend] [           main] com.zaxxer.hikari.HikariDataSource       : HikariPool-1 - Starting...
2026-05-26T16:05:50.082+07:00  INFO 19468 --- [backend] [           main] com.zaxxer.hikari.pool.HikariPool        : HikariPool-1 - Added connection org.postgresql.jdbc.PgConnection@1a034bbc
2026-05-26T16:05:50.085+07:00  INFO 19468 --- [backend] [           main] com.zaxxer.hikari.HikariDataSource       : HikariPool-1 - Start completed.
2026-05-26T16:05:54.024+07:00  INFO 19468 --- [backend] [           main] j.LocalContainerEntityManagerFactoryBean : Initialized JPA EntityManagerFactory for persistence unit 'default'
2026-05-26T16:05:54.769+07:00  INFO 19468 --- [backend] [           main] o.s.d.j.r.query.QueryEnhancerFactory     : Hibernate is in classpath; If applicable, HQL parser will be used.
2026-05-26T16:05:57.965+07:00  WARN 19468 --- [backend] [           main] JpaBaseConfiguration$JpaWebConfiguration : spring.jpa.open-in-view is enabled by default. Therefore, database queries may be performed during view rendering. Explicitly configure spring.jpa.open-in-view to disable this warning
2026-05-26T16:05:58.480+07:00  INFO 19468 --- [backend] [           main] o.s.s.web.DefaultSecurityFilterChain     : Will secure any request with [org.springframework.security.web.session.DisableEncodeUrlFilter@313e1d92, org.springframework.security.web.context.request.async.WebAsyncManagerIntegrationFilter@35873792, org.springframework.security.web.context.SecurityContextHolderFilter@5859f307, org.springframework.security.web.header.HeaderWriterFilter@44e8cb24, org.springframework.web.filter.CorsFilter@4a2a67d, org.springframework.security.web.authentication.logout.LogoutFilter@17279611, com.project.security.JwtAuthenticationFilter@3977c325, org.springframework.security.web.savedrequest.RequestCacheAwareFilter@75004ee2, org.springframework.security.web.servletapi.SecurityContextHolderAwareRequestFilter@7974417e, org.springframework.security.web.authentication.AnonymousAuthenticationFilter@a3c0a21, org.springframework.security.web.session.SessionManagementFilter@6d18bbb8, org.springframework.security.web.access.ExceptionTranslationFilter@4c286ab9, org.springframework.security.web.access.intercept.AuthorizationFilter@668af3cc]
2026-05-26T16:05:59.162+07:00  INFO 19468 --- [backend] [           main] o.s.b.t.m.w.SpringBootMockServletContext : Initializing Spring TestDispatcherServlet ''
2026-05-26T16:05:59.163+07:00  INFO 19468 --- [backend] [           main] o.s.t.web.servlet.TestDispatcherServlet  : Initializing Servlet ''
2026-05-26T16:05:59.164+07:00  INFO 19468 --- [backend] [           main] o.s.t.web.servlet.TestDispatcherServlet  : Completed initialization in 1 ms
2026-05-26T16:05:59.261+07:00  INFO 19468 --- [backend] [           main] shboardControllerSecurityIntegrationTest : Started ClinicDashboardControllerSecurityIntegrationTest in 20.675 seconds (process running for 22.905)
2026-05-26T16:05:59.474+07:00  INFO 19468 --- [backend] [           main] com.project.BackendApplication           : Checking data for user: admin@care.com
2026-05-26T16:05:59.587+07:00  INFO 19468 --- [backend] [           main] com.project.BackendApplication           : Admin user already exists. Skipping password update.
2026-05-26T16:05:59.643+07:00  INFO 19468 --- [backend] [           main] com.project.BackendApplication           : Database has 32 patients. Skipping mock seed.
2026-05-26T16:06:00.212+07:00  WARN 19468 --- [backend] [           main] c.p.exception.GlobalExceptionHandler     : Access denied: Access Denied
]]></system-out>
    <system-err><![CDATA[WARNING: A Java agent has been loaded dynamically (C:\Users\HUNGCV\.m2\repository\net\bytebuddy\byte-buddy-agent\1.14.12\byte-buddy-agent-1.14.12.jar)
WARNING: If a serviceability tool is in use, please run with -XX:+EnableDynamicAgentLoading to hide this warning
WARNING: If a serviceability tool is not in use, please run with -Djdk.instrument.traceUsage for more information
WARNING: Dynamic loading of agents will be disallowed by default in a future release
]]></system-err>
  </testcase>
  <testcase name="whenCallClinicApiWithoutToken_thenUnauthorized" classname="com.project.controller.ClinicDashboardControllerSecurityIntegrationTest" time="0.013">
    <system-out><![CDATA[2026-05-26T16:06:00.335+07:00 ERROR 19468 --- [backend] [           main] c.p.s.JwtAuthenticationEntryPoint        : Unauthorized error: Full authentication is required to access this resource
]]></system-out>
  </testcase>
  <testcase name="whenAuthorizedDoctorCreatesPatient_thenSuccess" classname="com.project.controller.ClinicDashboardControllerSecurityIntegrationTest" time="0.02"/>
  <testcase name="whenPatientCallsClinicDashboardApi_thenForbidden" classname="com.project.controller.ClinicDashboardControllerSecurityIntegrationTest" time="0.011"/>
  <testcase name="whenAuthorizedManagerCallsDashboardApi_thenSuccess" classname="com.project.controller.ClinicDashboardControllerSecurityIntegrationTest" time="0.027"/>
  <testcase name="whenManagerNotAuthorizedForClinicCallsDashboardApi_thenForbidden" classname="com.project.controller.ClinicDashboardControllerSecurityIntegrationTest" time="0.014">
    <system-out><![CDATA[2026-05-26T16:06:00.414+07:00  WARN 19468 --- [backend] [           main] c.p.exception.GlobalExceptionHandler     : Access denied: Access Denied
]]></system-out>
  </testcase>
</testsuite>