<?xml version="1.0" encoding="UTF-8"?>
<testsuite xmlns:xsi="http://www.w3.org/2001/XMLSchema-instance" xsi:noNamespaceSchemaLocation="https://maven.apache.org/surefire/maven-surefire-plugin/xsd/surefire-test-report-3.0.xsd" version="3.0" name="com.project.controller.PrescriptionControllerTest" time="11.06" tests="8" errors="0" skipped="0" failures="0">
  <properties>
[...]
</properties>
  <testcase name="createPrescription_validationFailed_missingPatient" classname="com.project.controller.PrescriptionControllerTest" time="1.009">
    <system-out><![CDATA[04:17:18.858 [main] INFO org.springframework.test.context.support.AnnotationConfigContextLoaderUtils -- Could not detect default configuration classes for test class [com.project.controller.PrescriptionControllerTest]: PrescriptionControllerTest does not declare any static, non-private, non-final, nested classes annotated with @Configuration.
04:17:19.364 [main] INFO org.springframework.boot.test.context.SpringBootTestContextBootstrapper -- Found @SpringBootConfiguration com.project.BackendApplication for test class com.project.controller.PrescriptionControllerTest

  .   ____          _            __ _ _
 /\\ / ___'_ __ _ _(_)_ __  __ _ \ \ \ \
( ( )\___ | '_ | '_| | '_ \/ _` | \ \ \ \
 \\/  ___)| |_)| | | | | || (_| |  ) ) ) )
  '  |____| .__|_| |_|_| |_\__, | / / / /
 =========|_|==============|___/=/_/_/_/
 :: Spring Boot ::                (v3.2.4)

2026-05-30T04:17:20.523+07:00  INFO 11692 --- [backend] [           main] c.p.c.PrescriptionControllerTest         : Starting PrescriptionControllerTest using Java 21.0.6 with PID 11692 (started by Asus in F:\Git Clone KTPM\ktpm\backend)
2026-05-30T04:17:20.525+07:00  INFO 11692 --- [backend] [           main] c.p.c.PrescriptionControllerTest         : No active profile set, falling back to 1 default profile: "default"
2026-05-30T04:17:20.527+07:00 DEBUG 11692 --- [backend] [           main] o.s.boot.SpringApplication               : Loading source class com.project.BackendApplication
2026-05-30T04:17:20.561+07:00 DEBUG 11692 --- [backend] [           main] o.s.w.c.s.GenericWebApplicationContext   : Refreshing org.springframework.web.context.support.GenericWebApplicationContext@5f14a673
2026-05-30T04:17:26.840+07:00 DEBUG 11692 --- [backend] [           main] s.w.s.m.m.a.RequestMappingHandlerMapping : 5 mappings in 'requestMappingHandlerMapping'
2026-05-30T04:17:26.925+07:00 DEBUG 11692 --- [backend] [           main] o.s.b.a.AutoConfigurationPackages        : @EnableAutoConfiguration was declared on a class in the package 'com.project'. Automatic @Repository and @Entity scanning is enabled.
2026-05-30T04:17:27.215+07:00 DEBUG 11692 --- [backend] [           main] o.s.w.s.handler.SimpleUrlHandlerMapping  : Patterns [/webjars/**, /**] in 'resourceHandlerMapping'
2026-05-30T04:17:27.333+07:00 DEBUG 11692 --- [backend] [           main] s.w.s.m.m.a.RequestMappingHandlerAdapter : ControllerAdvice beans: 0 @ModelAttribute, 0 @InitBinder, 1 RequestBodyAdvice, 1 ResponseBodyAdvice
2026-05-30T04:17:27.435+07:00 DEBUG 11692 --- [backend] [           main] .m.m.a.ExceptionHandlerExceptionResolver : ControllerAdvice beans: 1 @ExceptionHandler, 1 ResponseBodyAdvice
2026-05-30T04:17:27.614+07:00  INFO 11692 --- [backend] [           main] o.s.b.t.m.w.SpringBootMockServletContext : Initializing Spring TestDispatcherServlet ''
2026-05-30T04:17:27.615+07:00  INFO 11692 --- [backend] [           main] o.s.t.web.servlet.TestDispatcherServlet  : Initializing Servlet ''
2026-05-30T04:17:27.618+07:00  INFO 11692 --- [backend] [           main] o.s.t.web.servlet.TestDispatcherServlet  : Completed initialization in 2 ms
2026-05-30T04:17:27.917+07:00 DEBUG 11692 --- [backend] [           main] .s.b.a.l.ConditionEvaluationReportLogger : 


============================
CONDITIONS EVALUATION REPORT
============================


Positive matches:
-----------------

   CacheAutoConfiguration matched:
      - @ConditionalOnClass found required class 'org.springframework.cache.CacheManager' (OnClassCondition)
      - @ConditionalOnBean (types: org.springframework.cache.interceptor.CacheAspectSupport; SearchStrategy: all) found bean 'cacheInterceptor'; @ConditionalOnMissingBean (names: cacheResolver types: org.springframework.cache.CacheManager; SearchStrategy: all) did not find any beans (OnBeanCondition)

   CacheAutoConfiguration#cacheManagerCustomizers matched:
      - @ConditionalOnMissingBean (types: org.springframework.boot.autoconfigure.cache.CacheManagerCustomizers; SearchStrategy: all) did not find any beans (OnBeanCondition)

   ErrorMvcAutoConfiguration matched:
      - @ConditionalOnClass found required classes 'jakarta.servlet.Servlet', 'org.springframework.web.servlet.DispatcherServlet' (OnClassCondition)
      - found 'session' scope (OnWebApplicationCondition)

   ErrorMvcAutoConfiguration#basicErrorController matched:
      - @ConditionalOnMissingBean (types: org.springframework.boot.web.servlet.error.ErrorController; SearchStrategy: current) did not find any beans (OnBeanCondition)

   ErrorMvcAutoConfiguration#errorAttributes matched:
      - @ConditionalOnMissingBean (types: org.springframework.boot.web.servlet.error.ErrorAttributes; SearchStrategy: current) did not find any beans (OnBeanCondition)

   ErrorMvcAutoConfiguration.WhitelabelErrorViewConfiguration matched:
      - @ConditionalOnProperty (server.error.whitelabel.enabled) matched (OnPropertyCondition)
      - ErrorTemplate Missing did not find error template view (ErrorMvcAutoConfiguration.ErrorTemplateMissingCondition)

   ErrorMvcAutoConfiguration.WhitelabelErrorViewConfiguration#beanNameViewResolver matched:
      - @ConditionalOnMissingBean (types: org.springframework.web.servlet.view.BeanNameViewResolver; SearchStrategy: all) did not find any beans (OnBeanCondition)

   ErrorMvcAutoConfiguration.WhitelabelErrorViewConfiguration#defaultErrorView matched:
      - @ConditionalOnMissingBean (names: error; SearchStrategy: all) did not find any beans (OnBeanCondition)

   HttpEncodingAutoConfiguration matched:
      - @ConditionalOnClass found required class 'org.springframework.web.filter.CharacterEncodingFilter' (OnClassCondition)
      - found 'session' scope (OnWebApplicationCondition)
      - @ConditionalOnProperty (server.servlet.encoding.enabled) matched (OnPropertyCondition)

   HttpEncodingAutoConfiguration#characterEncodingFilter matched:
      - @ConditionalOnMissingBean (types: org.springframework.web.filter.CharacterEncodingFilter; SearchStrategy: all) did not find any beans (OnBeanCondition)

   HttpMessageConvertersAutoConfiguration matched:
      - @ConditionalOnClass found required class 'org.springframework.http.converter.HttpMessageConverter' (OnClassCondition)
      - NoneNestedConditions 0 matched 1 did not; NestedCondition on HttpMessageConvertersAutoConfiguration.NotReactiveWebApplicationCondition.ReactiveWebApplication not a reactive web application (HttpMessageConvertersAutoConfiguration.NotReactiveWebApplicationCondition)

   HttpMessageConvertersAutoConfiguration#messageConverters matched:
      - @ConditionalOnMissingBean (types: org.springframework.boot.autoconfigure.http.HttpMessageConverters; SearchStrategy: all) did not find any beans (OnBeanCondition)

   HttpMessageConvertersAutoConfiguration.StringHttpMessageConverterConfiguration matched:
      - @ConditionalOnClass found required class 'org.springframework.http.converter.StringHttpMessageConverter' (OnClassCondition)

   HttpMessageConvertersAutoConfiguration.StringHttpMessageConverterConfiguration#stringHttpMessageConverter matched:
      - @ConditionalOnMissingBean (types: org.springframework.http.converter.StringHttpMessageConverter; SearchStrategy: all) did not find any beans (OnBeanCondition)

   JacksonAutoConfiguration matched:
      - @ConditionalOnClass found required class 'com.fasterxml.jackson.databind.ObjectMapper' (OnClassCondition)

   JacksonAutoConfiguration.Jackson2ObjectMapperBuilderCustomizerConfiguration matched:
      - @ConditionalOnClass found required class 'org.springframework.http.converter.json.Jackson2ObjectMapperBuilder' (OnClassCondition)

   JacksonAutoConfiguration.JacksonObjectMapperBuilderConfiguration matched:
      - @ConditionalOnClass found required class 'org.springframework.http.converter.json.Jackson2ObjectMapperBuilder' (OnClassCondition)

   JacksonAutoConfiguration.JacksonObjectMapperBuilderConfiguration#jacksonObjectMapperBuilder matched:
      - @ConditionalOnMissingBean (types: org.springframework.http.converter.json.Jackson2ObjectMapperBuilder; SearchStrategy: all) did not find any beans (OnBeanCondition)

   JacksonAutoConfiguration.JacksonObjectMapperConfiguration matched:
      - @ConditionalOnClass found required class 'org.springframework.http.converter.json.Jackson2ObjectMapperBuilder' (OnClassCondition)

   JacksonAutoConfiguration.JacksonObjectMapperConfiguration#jacksonObjectMapper matched:
      - @ConditionalOnMissingBean (types: com.fasterxml.jackson.databind.ObjectMapper; SearchStrategy: all) did not find any beans (OnBeanCondition)

   JacksonAutoConfiguration.ParameterNamesModuleConfiguration matched:
      - @ConditionalOnClass found required class 'com.fasterxml.jackson.module.paramnames.ParameterNamesModule' (OnClassCondition)

   JacksonAutoConfiguration.ParameterNamesModuleConfiguration#parameterNamesModule matched:
      - @ConditionalOnMissingBean (types: com.fasterxml.jackson.module.paramnames.ParameterNamesModule; SearchStrategy: all) did not find any beans (OnBeanCondition)

   JacksonHttpMessageConvertersConfiguration.MappingJackson2HttpMessageConverterConfiguration matched:
      - @ConditionalOnClass found required class 'com.fasterxml.jackson.databind.ObjectMapper' (OnClassCondition)
      - @ConditionalOnProperty (spring.mvc.converters.preferred-json-mapper=jackson) matched (OnPropertyCondition)
      - @ConditionalOnBean (types: com.fasterxml.jackson.databind.ObjectMapper; SearchStrategy: all) found bean 'jacksonObjectMapper' (OnBeanCondition)

   JacksonHttpMessageConvertersConfiguration.MappingJackson2HttpMessageConverterConfiguration#mappingJackson2HttpMessageConverter matched:
      - @ConditionalOnMissingBean (types: org.springframework.http.converter.json.MappingJackson2HttpMessageConverter ignored: org.springframework.hateoas.server.mvc.TypeConstrainedMappingJackson2HttpMessageConverter,org.springframework.data.rest.webmvc.alps.AlpsJsonHttpMessageConverter; SearchStrategy: all) did not find any beans (OnBeanCondition)

   MockMvcAutoConfiguration matched:
      - found 'session' scope (OnWebApplicationCondition)

   MockMvcAutoConfiguration#dispatcherServlet matched:
      - @ConditionalOnMissingBean (types: org.springframework.web.servlet.DispatcherServlet; SearchStrategy: all) did not find any beans (OnBeanCondition)

   MockMvcAutoConfiguration#dispatcherServletPath matched:
      - @ConditionalOnMissingBean (types: org.springframework.boot.autoconfigure.web.servlet.DispatcherServletPath; SearchStrategy: all) did not find any beans (OnBeanCondition)

   MockMvcAutoConfiguration#mockMvc matched:
      - @ConditionalOnMissingBean (types: org.springframework.test.web.servlet.MockMvc; SearchStrategy: all) did not find any beans (OnBeanCondition)

   MockMvcAutoConfiguration#mockMvcBuilder matched:
      - @ConditionalOnMissingBean (types: org.springframework.test.web.servlet.MockMvcBuilder; SearchStrategy: all) did not find any beans (OnBeanCondition)

   MockMvcAutoConfiguration.WebTestClientMockMvcConfiguration matched:
      - @ConditionalOnClass found required classes 'org.springframework.web.reactive.function.client.WebClient', 'org.springframework.test.web.reactive.server.WebTestClient' (OnClassCondition)

   MockMvcAutoConfiguration.WebTestClientMockMvcConfiguration#webTestClient matched:
      - @ConditionalOnMissingBean (types: org.springframework.test.web.reactive.server.WebTestClient; SearchStrategy: all) did not find any beans (OnBeanCondition)

   MockMvcSecurityConfiguration matched:
      - @ConditionalOnClass found required class 'org.springframework.security.test.web.servlet.request.SecurityMockMvcRequestPostProcessors' (OnClassCondition)

   NoOpCacheConfiguration matched:
      - Cache org.springframework.boot.autoconfigure.cache.NoOpCacheConfiguration NONE cache type (CacheCondition)
      - @ConditionalOnMissingBean (types: org.springframework.cache.CacheManager; SearchStrategy: all) did not find any beans (OnBeanCondition)

   SecurityFilterAutoConfiguration matched:
      - @ConditionalOnClass found required classes 'org.springframework.security.web.context.AbstractSecurityWebApplicationInitializer', 'org.springframework.security.config.http.SessionCreationPolicy' (OnClassCondition)
      - found 'session' scope (OnWebApplicationCondition)

   SpringDataWebAutoConfiguration matched:
      - @ConditionalOnClass found required classes 'org.springframework.data.web.PageableHandlerMethodArgumentResolver', 'org.springframework.web.servlet.config.annotation.WebMvcConfigurer' (OnClassCondition)
      - found 'session' scope (OnWebApplicationCondition)
      - @ConditionalOnMissingBean (types: org.springframework.data.web.PageableHandlerMethodArgumentResolver; SearchStrategy: all) did not find any beans (OnBeanCondition)

   SpringDataWebAutoConfiguration#pageableCustomizer matched:
      - @ConditionalOnMissingBean (types: org.springframework.data.web.config.PageableHandlerMethodArgumentResolverCustomizer; SearchStrategy: all) did not find any beans (OnBeanCondition)

   SpringDataWebAutoConfiguration#sortCustomizer matched:
      - @ConditionalOnMissingBean (types: org.springframework.data.web.config.SortHandlerMethodArgumentResolverCustomizer; SearchStrategy: all) did not find any beans (OnBeanCondition)

   TaskExecutionAutoConfiguration matched:
      - @ConditionalOnClass found required class 'org.springframework.scheduling.concurrent.ThreadPoolTaskExecutor' (OnClassCondition)

   TaskExecutorConfigurations.SimpleAsyncTaskExecutorBuilderConfiguration#simpleAsyncTaskExecutorBuilder matched:
      - @ConditionalOnMissingBean (types: org.springframework.boot.task.SimpleAsyncTaskExecutorBuilder; SearchStrategy: all) did not find any beans (OnBeanCondition)
      - @ConditionalOnThreading found PLATFORM (OnThreadingCondition)

   TaskExecutorConfigurations.TaskExecutorBuilderConfiguration#taskExecutorBuilder matched:
      - @ConditionalOnMissingBean (types: org.springframework.boot.task.TaskExecutorBuilder; SearchStrategy: all) did not find any beans (OnBeanCondition)

   TaskExecutorConfigurations.TaskExecutorConfiguration matched:
      - @ConditionalOnMissingBean (types: java.util.concurrent.Executor; SearchStrategy: all) did not find any beans (OnBeanCondition)

   TaskExecutorConfigurations.TaskExecutorConfiguration#applicationTaskExecutor matched:
      - @ConditionalOnThreading found PLATFORM (OnThreadingCondition)

   TaskExecutorConfigurations.ThreadPoolTaskExecutorBuilderConfiguration#threadPoolTaskExecutorBuilder matched:
      - @ConditionalOnMissingBean (types: org.springframework.boot.task.TaskExecutorBuilder,org.springframework.boot.task.ThreadPoolTaskExecutorBuilder; SearchStrategy: all) did not find any beans (OnBeanCondition)

   ValidationAutoConfiguration matched:
      - @ConditionalOnClass found required class 'jakarta.validation.executable.ExecutableValidator' (OnClassCondition)
      - @ConditionalOnResource found location classpath:META-INF/services/jakarta.validation.spi.ValidationProvider (OnResourceCondition)

   ValidationAutoConfiguration#defaultValidator matched:
      - @ConditionalOnMissingBean (types: jakarta.validation.Validator; SearchStrategy: all) did not find any beans (OnBeanCondition)

   ValidationAutoConfiguration#methodValidationPostProcessor matched:
      - @ConditionalOnMissingBean (types: org.springframework.validation.beanvalidation.MethodValidationPostProcessor; SearchStrategy: current) did not find any beans (OnBeanCondition)

   WebMvcAutoConfiguration matched:
      - @ConditionalOnClass found required classes 'jakarta.servlet.Servlet', 'org.springframework.web.servlet.DispatcherServlet', 'org.springframework.web.servlet.config.annotation.WebMvcConfigurer' (OnClassCondition)
      - found 'session' scope (OnWebApplicationCondition)
      - @ConditionalOnMissingBean (types: org.springframework.web.servlet.config.annotation.WebMvcConfigurationSupport; SearchStrategy: all) did not find any beans (OnBeanCondition)

   WebMvcAutoConfiguration#formContentFilter matched:
      - @ConditionalOnProperty (spring.mvc.formcontent.filter.enabled) matched (OnPropertyCondition)
      - @ConditionalOnMissingBean (types: org.springframework.web.filter.FormContentFilter; SearchStrategy: all) did not find any beans (OnBeanCondition)

   WebMvcAutoConfiguration.EnableWebMvcConfiguration#flashMapManager matched:
      - @ConditionalOnMissingBean (names: flashMapManager; SearchStrategy: all) did not find any beans (OnBeanCondition)

   WebMvcAutoConfiguration.EnableWebMvcConfiguration#localeResolver matched:
      - @ConditionalOnMissingBean (names: localeResolver; SearchStrategy: all) did not find any beans (OnBeanCondition)

   WebMvcAutoConfiguration.EnableWebMvcConfiguration#themeResolver matched:
      - @ConditionalOnMissingBean (names: themeResolver; SearchStrategy: all) did not find any beans (OnBeanCondition)

   WebMvcAutoConfiguration.WebMvcAutoConfigurationAdapter#defaultViewResolver matched:
      - @ConditionalOnMissingBean (types: org.springframework.web.servlet.view.InternalResourceViewResolver; SearchStrategy: all) did not find any beans (OnBeanCondition)

   WebMvcAutoConfiguration.WebMvcAutoConfigurationAdapter#requestContextFilter matched:
      - @ConditionalOnMissingBean (types: org.springframework.web.context.request.RequestContextListener,org.springframework.web.filter.RequestContextFilter; SearchStrategy: all) did not find any beans (OnBeanCondition)

   WebMvcAutoConfiguration.WebMvcAutoConfigurationAdapter#viewResolver matched:
      - @ConditionalOnBean (types: org.springframework.web.servlet.ViewResolver; SearchStrategy: all) found beans 'defaultViewResolver', 'beanNameViewResolver', 'mvcViewResolver'; @ConditionalOnMissingBean (names: viewResolver types: org.springframework.web.servlet.view.ContentNegotiatingViewResolver; SearchStrategy: all) did not find any beans (OnBeanCondition)

   WebTestClientAutoConfiguration matched:
      - @ConditionalOnClass found required classes 'org.springframework.web.reactive.function.client.WebClient', 'org.springframework.test.web.reactive.server.WebTestClient' (OnClassCondition)

   WebTestClientSecurityConfiguration matched:
      - @ConditionalOnClass found required class 'org.springframework.security.test.web.reactive.server.SecurityMockServerConfigurers' (OnClassCondition)


Negative matches:
-----------------

   Cache2kCacheConfiguration:
      Did not match:
         - @ConditionalOnClass did not find required class 'org.cache2k.Cache2kBuilder' (OnClassCondition)

   CacheAutoConfiguration.CacheManagerEntityManagerFactoryDependsOnPostProcessor:
      Did not match:
         - @ConditionalOnBean (types: org.springframework.orm.jpa.AbstractEntityManagerFactoryBean; SearchStrategy: all) did not find any beans of type org.springframework.orm.jpa.AbstractEntityManagerFactoryBean (OnBeanCondition)
      Matched:
         - @ConditionalOnClass found required class 'org.springframework.orm.jpa.LocalContainerEntityManagerFactoryBean' (OnClassCondition)

   CaffeineCacheConfiguration:
      Did not match:
         - @ConditionalOnClass did not find required class 'com.github.benmanes.caffeine.cache.Caffeine' (OnClassCondition)

   CouchbaseCacheConfiguration:
      Did not match:
         - @ConditionalOnClass did not find required class 'com.couchbase.client.java.Cluster' (OnClassCondition)

   ErrorMvcAutoConfiguration.DefaultErrorViewResolverConfiguration#conventionErrorViewResolver:
      Did not match:
         - @ConditionalOnBean (types: org.springframework.web.servlet.DispatcherServlet; SearchStrategy: all) did not find any beans of type org.springframework.web.servlet.DispatcherServlet (OnBeanCondition)

   FreeMarkerAutoConfiguration:
      Did not match:
         - @ConditionalOnClass did not find required class 'freemarker.template.Configuration' (OnClassCondition)

   GenericCacheConfiguration:
      Did not match:
         - Cache org.springframework.boot.autoconfigure.cache.GenericCacheConfiguration unknown cache type (CacheCondition)

   GroovyTemplateAutoConfiguration:
      Did not match:
         - @ConditionalOnClass did not find required class 'groovy.text.markup.MarkupTemplateEngine' (OnClassCondition)

   GsonAutoConfiguration:
      Did not match:
         - @ConditionalOnClass did not find required class 'com.google.gson.Gson' (OnClassCondition)

   GsonHttpMessageConvertersConfiguration:
      Did not match:
         - @ConditionalOnClass did not find required class 'com.google.gson.Gson' (OnClassCondition)

   HazelcastCacheConfiguration:
      Did not match:
         - @ConditionalOnClass did not find required class 'com.hazelcast.core.HazelcastInstance' (OnClassCondition)

   HypermediaAutoConfiguration:
      Did not match:
         - @ConditionalOnClass did not find required class 'org.springframework.hateoas.EntityModel' (OnClassCondition)

   InfinispanCacheConfiguration:
      Did not match:
         - @ConditionalOnClass did not find required class 'org.infinispan.spring.embedded.provider.SpringEmbeddedCacheManager' (OnClassCondition)

   JCacheCacheConfiguration:
      Did not match:
         - @ConditionalOnClass did not find required class 'javax.cache.Caching' (OnClassCondition)

   JacksonHttpMessageConvertersConfiguration.MappingJackson2XmlHttpMessageConverterConfiguration:
      Did not match:
         - @ConditionalOnClass did not find required class 'com.fasterxml.jackson.dataformat.xml.XmlMapper' (OnClassCondition)

   JsonbAutoConfiguration:
      Did not match:
         - @ConditionalOnClass did not find required class 'jakarta.json.bind.Jsonb' (OnClassCondition)

   JsonbHttpMessageConvertersConfiguration:
      Did not match:
         - @ConditionalOnClass did not find required class 'jakarta.json.bind.Jsonb' (OnClassCondition)

   MessageSourceAutoConfiguration:
      Did not match:
         - ResourceBundle did not find bundle with basename messages (MessageSourceAutoConfiguration.ResourceBundleCondition)

   MockMvcSecurityConfiguration#securityMockMvcBuilderCustomizer:
      Did not match:
         - @ConditionalOnBean (names: springSecurityFilterChain; SearchStrategy: all) did not find any beans named springSecurityFilterChain (OnBeanCondition)

   MockMvcWebClientAutoConfiguration:
      Did not match:
         - @ConditionalOnClass did not find required class 'com.gargoylesoftware.htmlunit.WebClient' (OnClassCondition)

   MockMvcWebDriverAutoConfiguration:
      Did not match:
         - @ConditionalOnClass did not find required class 'org.openqa.selenium.htmlunit.HtmlUnitDriver' (OnClassCondition)

   MustacheAutoConfiguration:
      Did not match:
         - @ConditionalOnClass did not find required class 'com.samskivert.mustache.Mustache' (OnClassCondition)

   OAuth2ClientAutoConfiguration:
      Did not match:
         - @ConditionalOnClass did not find required class 'org.springframework.security.oauth2.client.registration.ClientRegistration' (OnClassCondition)

   OAuth2ResourceServerAutoConfiguration:
      Did not match:
         - @ConditionalOnClass did not find required class 'org.springframework.security.oauth2.server.resource.authentication.BearerTokenAuthenticationToken' (OnClassCondition)

   RedisCacheConfiguration:
      Did not match:
         - @ConditionalOnClass did not find required class 'org.springframework.data.redis.connection.RedisConnectionFactory' (OnClassCondition)

   SecurityFilterAutoConfiguration#securityFilterChainRegistration:
      Did not match:
         - @ConditionalOnBean (names: springSecurityFilterChain; SearchStrategy: all) did not find any beans named springSecurityFilterChain (OnBeanCondition)

   SimpleCacheConfiguration:
      Did not match:
         - Cache org.springframework.boot.autoconfigure.cache.SimpleCacheConfiguration unknown cache type (CacheCondition)

   TaskExecutorConfigurations.SimpleAsyncTaskExecutorBuilderConfiguration#simpleAsyncTaskExecutorBuilderVirtualThreads:
      Did not match:
         - @ConditionalOnMissingBean (types: org.springframework.boot.task.SimpleAsyncTaskExecutorBuilder; SearchStrategy: all) found beans of type 'org.springframework.boot.task.SimpleAsyncTaskExecutorBuilder' simpleAsyncTaskExecutorBuilder (OnBeanCondition)

   TaskExecutorConfigurations.TaskExecutorConfiguration#applicationTaskExecutorVirtualThreads:
      Did not match:
         - @ConditionalOnThreading did not find VIRTUAL (OnThreadingCondition)

   ThymeleafAutoConfiguration:
      Did not match:
         - @ConditionalOnClass did not find required class 'org.thymeleaf.spring6.SpringTemplateEngine' (OnClassCondition)

   UserDetailsServiceAutoConfiguration:
      Did not match:
         - @ConditionalOnBean (types: org.springframework.security.config.annotation.ObjectPostProcessor; SearchStrategy: all) did not find any beans of type org.springframework.security.config.annotation.ObjectPostProcessor (OnBeanCondition)
      Matched:
         - @ConditionalOnClass found required class 'org.springframework.security.authentication.AuthenticationManager' (OnClassCondition)
         - AnyNestedCondition 1 matched 2 did not; NestedCondition on UserDetailsServiceAutoConfiguration.MissingAlternativeOrUserPropertiesConfigured.PasswordConfigured @ConditionalOnProperty (spring.security.user.password) did not find property 'password'; NestedCondition on UserDetailsServiceAutoConfiguration.MissingAlternativeOrUserPropertiesConfigured.NameConfigured @ConditionalOnProperty (spring.security.user.name) did not find property 'name'; NestedCondition on UserDetailsServiceAutoConfiguration.MissingAlternativeOrUserPropertiesConfigured.MissingAlternative @ConditionalOnMissingClass did not find unwanted classes 'org.springframework.security.oauth2.client.registration.ClientRegistrationRepository', 'org.springframework.security.oauth2.server.resource.introspection.OpaqueTokenIntrospector', 'org.springframework.security.saml2.provider.service.registration.RelyingPartyRegistrationRepository' (UserDetailsServiceAutoConfiguration.MissingAlternativeOrUserPropertiesConfigured)

   WebMvcAutoConfiguration#hiddenHttpMethodFilter:
      Did not match:
         - @ConditionalOnProperty (spring.mvc.hiddenmethod.filter.enabled) did not find property 'enabled' (OnPropertyCondition)

   WebMvcAutoConfiguration.ProblemDetailsErrorHandlingConfiguration:
      Did not match:
         - @ConditionalOnProperty (spring.mvc.problemdetails.enabled=true) did not find property 'enabled' (OnPropertyCondition)

   WebMvcAutoConfiguration.ResourceChainCustomizerConfiguration:
      Did not match:
         - @ConditionalOnEnabledResourceChain did not find class org.webjars.WebJarAssetLocator (OnEnabledResourceChainCondition)

   WebMvcAutoConfiguration.WebMvcAutoConfigurationAdapter#beanNameViewResolver:
      Did not match:
         - @ConditionalOnMissingBean (types: org.springframework.web.servlet.view.BeanNameViewResolver; SearchStrategy: all) found beans of type 'org.springframework.web.servlet.view.BeanNameViewResolver' beanNameViewResolver (OnBeanCondition)

   WebTestClientAutoConfiguration#webTestClient:
      Did not match:
         - @ConditionalOnBean (types: org.springframework.web.server.WebHandler; SearchStrategy: all) did not find any beans of type org.springframework.web.server.WebHandler (OnBeanCondition)


Exclusions:
-----------

    org.springframework.boot.autoconfigure.security.servlet.SecurityAutoConfiguration


Unconditional classes:
----------------------

    None



2026-05-30T04:17:27.932+07:00  INFO 11692 --- [backend] [           main] c.p.c.PrescriptionControllerTest         : Started PrescriptionControllerTest in 8.294 seconds (process running for 10.523)
2026-05-30T04:17:27.982+07:00  INFO 11692 --- [backend] [           main] com.project.BackendApplication           : Checking data for user: admin@care.com
2026-05-30T04:17:28.061+07:00  INFO 11692 --- [backend] [           main] com.project.BackendApplication           : Admin user not found. Seeding system admin...
2026-05-30T04:17:28.063+07:00  INFO 11692 --- [backend] [           main] com.project.BackendApplication           : No patients found. Seeding a mock patient for development...
2026-05-30T04:17:28.065+07:00  INFO 11692 --- [backend] [           main] com.project.BackendApplication           : Mock data seeded successfully.
2026-05-30T04:17:28.712+07:00 DEBUG 11692 --- [backend] [           main] s.w.s.m.m.a.RequestMappingHandlerMapping : Mapped to com.project.controller.PrescriptionController#createPrescription(PrescriptionRequest)
2026-05-30T04:17:28.829+07:00 DEBUG 11692 --- [backend] [           main] m.m.a.RequestResponseBodyMethodProcessor : Read "application/json" to [PrescriptionRequest(patientId=null, diagnosis=Sot sieu vi, notes=Nghi ngoi nhieu, items=[Prescriptio (truncated)...]
2026-05-30T04:17:29.027+07:00 DEBUG 11692 --- [backend] [           main] .m.m.a.ExceptionHandlerExceptionResolver : Using @ExceptionHandler com.project.exception.GlobalExceptionHandler#handleValidationExceptions(MethodArgumentNotValidException)
2026-05-30T04:17:29.028+07:00  WARN 11692 --- [backend] [           main] c.p.exception.GlobalExceptionHandler     : Validation failed: {patientId=Patient ID is required}
2026-05-30T04:17:29.048+07:00 DEBUG 11692 --- [backend] [           main] o.s.w.s.m.m.a.HttpEntityMethodProcessor  : Using 'application/json', given [*/*] and supported [application/json, application/*+json]
2026-05-30T04:17:29.053+07:00 DEBUG 11692 --- [backend] [           main] o.s.w.s.m.m.a.HttpEntityMethodProcessor  : Writing [ApiResponse(success=false, message=Validation failed, data={patientId=Patient ID is required})]
2026-05-30T04:17:29.072+07:00 DEBUG 11692 --- [backend] [           main] .m.m.a.ExceptionHandlerExceptionResolver : Resolved [org.springframework.web.bind.MethodArgumentNotValidException: Validation failed for argument [0] in public com.project.dto.response.ApiResponse<com.project.dto.response.PrescriptionResponse> com.project.controller.PrescriptionController.createPrescription(com.project.dto.request.PrescriptionRequest): [Field error in object 'prescriptionRequest' on field 'patientId': rejected value [null]; codes [NotNull.prescriptionRequest.patientId,NotNull.patientId,NotNull.java.lang.Long,NotNull]; arguments [org.springframework.context.support.DefaultMessageSourceResolvable: codes [prescriptionRequest.patientId,patientId]; arguments []; default message [patientId]]; default message [Patient ID is required]] ]
]]></system-out>
    <system-err><![CDATA[WARNING: A Java agent has been loaded dynamically (C:\Users\Asus\.m2\repository\net\bytebuddy\byte-buddy-agent\1.14.12\byte-buddy-agent-1.14.12.jar)
WARNING: If a serviceability tool is in use, please run with -XX:+EnableDynamicAgentLoading to hide this warning
WARNING: If a serviceability tool is not in use, please run with -Djdk.instrument.traceUsage for more information
WARNING: Dynamic loading of agents will be disallowed by default in a future release
]]></system-err>
  </testcase>
  <testcase name="getPrescriptions_success" classname="com.project.controller.PrescriptionControllerTest" time="0.14">
    <system-out><![CDATA[2026-05-30T04:17:29.134+07:00 DEBUG 11692 --- [backend] [           main] s.w.s.m.m.a.RequestMappingHandlerMapping : Mapped to com.project.controller.PrescriptionController#getPrescriptions(String, String, int, int, String, String)
2026-05-30T04:17:29.162+07:00 DEBUG 11692 --- [backend] [           main] m.m.a.RequestResponseBodyMethodProcessor : Using 'application/json', given [*/*] and supported [application/json, application/*+json]
2026-05-30T04:17:29.163+07:00 DEBUG 11692 --- [backend] [           main] m.m.a.RequestResponseBodyMethodProcessor : Writing [ApiResponse(success=true, message=Fetched successfully, data=Page 1 of 1 containing com.project.dto. (truncated)...]
]]></system-out>
  </testcase>
  <testcase name="createPrescription_validationFailed_diagnosisTooLong" classname="com.project.controller.PrescriptionControllerTest" time="0.018">
    <system-out><![CDATA[2026-05-30T04:17:29.270+07:00 DEBUG 11692 --- [backend] [           main] s.w.s.m.m.a.RequestMappingHandlerMapping : Mapped to com.project.controller.PrescriptionController#createPrescription(PrescriptionRequest)
2026-05-30T04:17:29.272+07:00 DEBUG 11692 --- [backend] [           main] m.m.a.RequestResponseBodyMethodProcessor : Read "application/json" to [PrescriptionRequest(patientId=1, diagnosis=AAAAAAAAAAAAAAAAAAAAAAAAAAAAAAAAAAAAAAAAAAAAAAAAAAAAAAAAA (truncated)...]
2026-05-30T04:17:29.273+07:00 DEBUG 11692 --- [backend] [           main] .m.m.a.ExceptionHandlerExceptionResolver : Using @ExceptionHandler com.project.exception.GlobalExceptionHandler#handleValidationExceptions(MethodArgumentNotValidException)
2026-05-30T04:17:29.275+07:00  WARN 11692 --- [backend] [           main] c.p.exception.GlobalExceptionHandler     : Validation failed: {diagnosis=Diagnosis must not exceed 255 characters}
2026-05-30T04:17:29.276+07:00 DEBUG 11692 --- [backend] [           main] o.s.w.s.m.m.a.HttpEntityMethodProcessor  : Using 'application/json', given [*/*] and supported [application/json, application/*+json]
2026-05-30T04:17:29.276+07:00 DEBUG 11692 --- [backend] [           main] o.s.w.s.m.m.a.HttpEntityMethodProcessor  : Writing [ApiResponse(success=false, message=Validation failed, data={diagnosis=Diagnosis must not exceed 255  (truncated)...]
2026-05-30T04:17:29.278+07:00 DEBUG 11692 --- [backend] [           main] .m.m.a.ExceptionHandlerExceptionResolver : Resolved [org.springframework.web.bind.MethodArgumentNotValidException: Validation failed for argument [0] in public com.project.dto.response.ApiResponse<com.project.dto.response.PrescriptionResponse> com.project.controller.PrescriptionController.createPrescription(com.project.dto.request.PrescriptionRequest): [Field error in object 'prescriptionRequest' on field 'diagnosis': rejected value [AAAAAAAAAAAAAAAAAAAAAAAAAAAAAAAAAAAAAAAAAAAAAAAAAAAAAAAAAAAAAAAAAAAAAAAAAAAAAAAAAAAAAAAAAAAAAAAAAAAAAAAAAAAAAAAAAAAAAAAAAAAAAAAAAAAAAAAAAAAAAAAAAAAAAAAAAAAAAAAAAAAAAAAAAAAAAAAAAAAAAAAAAAAAAAAAAAAAAAAAAAAAAAAAAAAAAAAAAAAAAAAAAAAAAAAAAAAAAAAAAAAAAAAAAAAAAAAA]; codes [Size.prescriptionRequest.diagnosis,Size.diagnosis,Size.java.lang.String,Size]; arguments [org.springframework.context.support.DefaultMessageSourceResolvable: codes [prescriptionRequest.diagnosis,diagnosis]; arguments []; default message [diagnosis],255,0]; default message [Diagnosis must not exceed 255 characters]] ]
]]></system-out>
  </testcase>
  <testcase name="createPrescription_validationFailed_nullItems" classname="com.project.controller.PrescriptionControllerTest" time="0.02">
    <system-out><![CDATA[2026-05-30T04:17:29.294+07:00 DEBUG 11692 --- [backend] [           main] s.w.s.m.m.a.RequestMappingHandlerMapping : Mapped to com.project.controller.PrescriptionController#createPrescription(PrescriptionRequest)
2026-05-30T04:17:29.296+07:00 DEBUG 11692 --- [backend] [           main] m.m.a.RequestResponseBodyMethodProcessor : Read "application/json" to [PrescriptionRequest(patientId=1, diagnosis=Sot sieu vi, notes=Nghi ngoi nhieu, items=null)]
2026-05-30T04:17:29.298+07:00 DEBUG 11692 --- [backend] [           main] .m.m.a.ExceptionHandlerExceptionResolver : Using @ExceptionHandler com.project.exception.GlobalExceptionHandler#handleValidationExceptions(MethodArgumentNotValidException)
2026-05-30T04:17:29.299+07:00  WARN 11692 --- [backend] [           main] c.p.exception.GlobalExceptionHandler     : Validation failed: {items=Prescription items cannot be null}
2026-05-30T04:17:29.299+07:00 DEBUG 11692 --- [backend] [           main] o.s.w.s.m.m.a.HttpEntityMethodProcessor  : Using 'application/json', given [*/*] and supported [application/json, application/*+json]
2026-05-30T04:17:29.300+07:00 DEBUG 11692 --- [backend] [           main] o.s.w.s.m.m.a.HttpEntityMethodProcessor  : Writing [ApiResponse(success=false, message=Validation failed, data={items=Prescription items cannot be null} (truncated)...]
2026-05-30T04:17:29.301+07:00 DEBUG 11692 --- [backend] [           main] .m.m.a.ExceptionHandlerExceptionResolver : Resolved [org.springframework.web.bind.MethodArgumentNotValidException: Validation failed for argument [0] in public com.project.dto.response.ApiResponse<com.project.dto.response.PrescriptionResponse> com.project.controller.PrescriptionController.createPrescription(com.project.dto.request.PrescriptionRequest): [Field error in object 'prescriptionRequest' on field 'items': rejected value [null]; codes [NotNull.prescriptionRequest.items,NotNull.items,NotNull.java.util.List,NotNull]; arguments [org.springframework.context.support.DefaultMessageSourceResolvable: codes [prescriptionRequest.items,items]; arguments []; default message [items]]; default message [Prescription items cannot be null]] ]
]]></system-out>
  </testcase>
  <testcase name="createPrescription_validationFailed_emptyItems" classname="com.project.controller.PrescriptionControllerTest" time="0.036">
    <system-out><![CDATA[2026-05-30T04:17:29.326+07:00 DEBUG 11692 --- [backend] [           main] s.w.s.m.m.a.RequestMappingHandlerMapping : Mapped to com.project.controller.PrescriptionController#createPrescription(PrescriptionRequest)
2026-05-30T04:17:29.331+07:00 DEBUG 11692 --- [backend] [           main] m.m.a.RequestResponseBodyMethodProcessor : Read "application/json" to [PrescriptionRequest(patientId=1, diagnosis=Sot sieu vi, notes=Nghi ngoi nhieu, items=[])]
2026-05-30T04:17:29.333+07:00 DEBUG 11692 --- [backend] [           main] .m.m.a.ExceptionHandlerExceptionResolver : Using @ExceptionHandler com.project.exception.GlobalExceptionHandler#handleValidationExceptions(MethodArgumentNotValidException)
2026-05-30T04:17:29.334+07:00  WARN 11692 --- [backend] [           main] c.p.exception.GlobalExceptionHandler     : Validation failed: {items=At least one medication is required}
2026-05-30T04:17:29.335+07:00 DEBUG 11692 --- [backend] [           main] o.s.w.s.m.m.a.HttpEntityMethodProcessor  : Using 'application/json', given [*/*] and supported [application/json, application/*+json]
2026-05-30T04:17:29.336+07:00 DEBUG 11692 --- [backend] [           main] o.s.w.s.m.m.a.HttpEntityMethodProcessor  : Writing [ApiResponse(success=false, message=Validation failed, data={items=At least one medication is require (truncated)...]
2026-05-30T04:17:29.338+07:00 DEBUG 11692 --- [backend] [           main] .m.m.a.ExceptionHandlerExceptionResolver : Resolved [org.springframework.web.bind.MethodArgumentNotValidException: Validation failed for argument [0] in public com.project.dto.response.ApiResponse<com.project.dto.response.PrescriptionResponse> com.project.controller.PrescriptionController.createPrescription(com.project.dto.request.PrescriptionRequest): [Field error in object 'prescriptionRequest' on field 'items': rejected value [[]]; codes [Size.prescriptionRequest.items,Size.items,Size.java.util.List,Size]; arguments [org.springframework.context.support.DefaultMessageSourceResolvable: codes [prescriptionRequest.items,items]; arguments []; default message [items],2147483647,1]; default message [At least one medication is required]] ]
]]></system-out>
  </testcase>
  <testcase name="getStats_success" classname="com.project.controller.PrescriptionControllerTest" time="0.046">
    <system-out><![CDATA[2026-05-30T04:17:29.371+07:00 DEBUG 11692 --- [backend] [           main] s.w.s.m.m.a.RequestMappingHandlerMapping : Mapped to com.project.controller.PrescriptionController#getStats()
2026-05-30T04:17:29.374+07:00 DEBUG 11692 --- [backend] [           main] m.m.a.RequestResponseBodyMethodProcessor : Using 'application/json', given [*/*] and supported [application/json, application/*+json]
2026-05-30T04:17:29.383+07:00 DEBUG 11692 --- [backend] [           main] m.m.a.RequestResponseBodyMethodProcessor : Writing [ApiResponse(success=true, message=Stats fetched successfully, data=PrescriptionStatsResponse(totalPr (truncated)...]
]]></system-out>
  </testcase>
  <testcase name="createPrescription_success" classname="com.project.controller.PrescriptionControllerTest" time="0.028">
    <system-out><![CDATA[2026-05-30T04:17:29.415+07:00 DEBUG 11692 --- [backend] [           main] s.w.s.m.m.a.RequestMappingHandlerMapping : Mapped to com.project.controller.PrescriptionController#createPrescription(PrescriptionRequest)
2026-05-30T04:17:29.417+07:00 DEBUG 11692 --- [backend] [           main] m.m.a.RequestResponseBodyMethodProcessor : Read "application/json" to [PrescriptionRequest(patientId=1, diagnosis=Sot sieu vi, notes=Nghi ngoi nhieu, items=[PrescriptionIt (truncated)...]
2026-05-30T04:17:29.420+07:00 DEBUG 11692 --- [backend] [           main] m.m.a.RequestResponseBodyMethodProcessor : Using 'application/json', given [*/*] and supported [application/json, application/*+json]
2026-05-30T04:17:29.429+07:00 DEBUG 11692 --- [backend] [           main] m.m.a.RequestResponseBodyMethodProcessor : Writing [ApiResponse(success=true, message=Prescription created successfully, data=PrescriptionResponse(id=1, (truncated)...]
]]></system-out>
  </testcase>
  <testcase name="createPrescription_validationFailed_blankDiagnosis" classname="com.project.controller.PrescriptionControllerTest" time="0.025">
    <system-out><![CDATA[2026-05-30T04:17:29.448+07:00 DEBUG 11692 --- [backend] [           main] s.w.s.m.m.a.RequestMappingHandlerMapping : Mapped to com.project.controller.PrescriptionController#createPrescription(PrescriptionRequest)
2026-05-30T04:17:29.452+07:00 DEBUG 11692 --- [backend] [           main] m.m.a.RequestResponseBodyMethodProcessor : Read "application/json" to [PrescriptionRequest(patientId=1, diagnosis=  , notes=Nghi ngoi nhieu, items=[PrescriptionItemRequest (truncated)...]
2026-05-30T04:17:29.454+07:00 DEBUG 11692 --- [backend] [           main] .m.m.a.ExceptionHandlerExceptionResolver : Using @ExceptionHandler com.project.exception.GlobalExceptionHandler#handleValidationExceptions(MethodArgumentNotValidException)
2026-05-30T04:17:29.454+07:00  WARN 11692 --- [backend] [           main] c.p.exception.GlobalExceptionHandler     : Validation failed: {diagnosis=Diagnosis is required}
2026-05-30T04:17:29.455+07:00 DEBUG 11692 --- [backend] [           main] o.s.w.s.m.m.a.HttpEntityMethodProcessor  : Using 'application/json', given [*/*] and supported [application/json, application/*+json]
2026-05-30T04:17:29.456+07:00 DEBUG 11692 --- [backend] [           main] o.s.w.s.m.m.a.HttpEntityMethodProcessor  : Writing [ApiResponse(success=false, message=Validation failed, data={diagnosis=Diagnosis is required})]
2026-05-30T04:17:29.457+07:00 DEBUG 11692 --- [backend] [           main] .m.m.a.ExceptionHandlerExceptionResolver : Resolved [org.springframework.web.bind.MethodArgumentNotValidException: Validation failed for argument [0] in public com.project.dto.response.ApiResponse<com.project.dto.response.PrescriptionResponse> com.project.controller.PrescriptionController.createPrescription(com.project.dto.request.PrescriptionRequest): [Field error in object 'prescriptionRequest' on field 'diagnosis': rejected value [  ]; codes [NotBlank.prescriptionRequest.diagnosis,NotBlank.diagnosis,NotBlank.java.lang.String,NotBlank]; arguments [org.springframework.context.support.DefaultMessageSourceResolvable: codes [prescriptionRequest.diagnosis,diagnosis]; arguments []; default message [diagnosis]]; default message [Diagnosis is required]] ]
]]></system-out>
  </testcase>
</testsuite>