<?xml version="1.0" encoding="UTF-8"?>
<testsuite xmlns:xsi="http://www.w3.org/2001/XMLSchema-instance" xsi:noNamespaceSchemaLocation="https://maven.apache.org/surefire/maven-surefire-plugin/xsd/surefire-test-report-3.0.xsd" version="3.0" name="com.project.controller.PrescriptionControllerSecurityIntegrationTest" time="28.805" tests="10" errors="0" skipped="0" failures="0">
  <properties>
[...]
</properties>
  <testcase name="whenGetPrescriptionsAsDoctor_thenSuccess" classname="com.project.controller.PrescriptionControllerSecurityIntegrationTest" time="0.494">
    <system-out><![CDATA[21:22:39.051 [main] INFO org.springframework.test.context.support.AnnotationConfigContextLoaderUtils -- Could not detect default configuration classes for test class [com.project.controller.PrescriptionControllerSecurityIntegrationTest]: PrescriptionControllerSecurityIntegrationTest does not declare any static, non-private, non-final, nested classes annotated with @Configuration.
21:22:39.535 [main] INFO org.springframework.boot.test.context.SpringBootTestContextBootstrapper -- Found @SpringBootConfiguration com.project.BackendApplication for test class com.project.controller.PrescriptionControllerSecurityIntegrationTest

  .   ____          _            __ _ _
 /\\ / ___'_ __ _ _(_)_ __  __ _ \ \ \ \
( ( )\___ | '_ | '_| | '_ \/ _` | \ \ \ \
 \\/  ___)| |_)| | | | | || (_| |  ) ) ) )
  '  |____| .__|_| |_|_| |_\__, | / / / /
 =========|_|==============|___/=/_/_/_/
 :: Spring Boot ::                (v3.2.4)

2026-05-29T21:22:40.713+07:00  INFO 21680 --- [backend] [           main] riptionControllerSecurityIntegrationTest : Starting PrescriptionControllerSecurityIntegrationTest using Java 24.0.1 with PID 21680 (started by ANH_NGOC in D:\KTPM\ktpm\backend)
2026-05-29T21:22:40.717+07:00  INFO 21680 --- [backend] [           main] riptionControllerSecurityIntegrationTest : The following 1 profile is active: "test"
2026-05-29T21:22:43.773+07:00  INFO 21680 --- [backend] [           main] .s.d.r.c.RepositoryConfigurationDelegate : Bootstrapping Spring Data JPA repositories in DEFAULT mode.
2026-05-29T21:22:44.519+07:00  INFO 21680 --- [backend] [           main] .s.d.r.c.RepositoryConfigurationDelegate : Finished Spring Data repository scanning in 722 ms. Found 17 JPA repository interfaces.
2026-05-29T21:22:48.228+07:00  INFO 21680 --- [backend] [           main] o.hibernate.jpa.internal.util.LogHelper  : HHH000204: Processing PersistenceUnitInfo [name: default]
2026-05-29T21:22:48.386+07:00  INFO 21680 --- [backend] [           main] org.hibernate.Version                    : HHH000412: Hibernate ORM core version 6.4.4.Final
2026-05-29T21:22:48.483+07:00  INFO 21680 --- [backend] [           main] o.h.c.internal.RegionFactoryInitiator    : HHH000026: Second-level cache disabled
2026-05-29T21:22:48.771+07:00  INFO 21680 --- [backend] [           main] o.s.o.j.p.SpringPersistenceUnitInfo      : No LoadTimeWeaver setup: ignoring JPA class transformer
2026-05-29T21:22:48.839+07:00  WARN 21680 --- [backend] [           main] org.hibernate.orm.deprecation            : HHH90000025: PostgreSQLDialect does not need to be specified explicitly using 'hibernate.dialect' (remove the property setting and it will be selected by default)
2026-05-29T21:22:51.271+07:00  INFO 21680 --- [backend] [           main] o.h.e.t.j.p.i.JtaPlatformInitiator       : HHH000489: No JTA platform available (set 'hibernate.transaction.jta.platform' to enable JTA platform integration)
2026-05-29T21:22:51.302+07:00  INFO 21680 --- [backend] [           main] com.zaxxer.hikari.HikariDataSource       : HikariPool-1 - Starting...
2026-05-29T21:22:53.498+07:00  INFO 21680 --- [backend] [           main] com.zaxxer.hikari.pool.HikariPool        : HikariPool-1 - Added connection org.postgresql.jdbc.PgConnection@42e20500
2026-05-29T21:22:53.502+07:00  INFO 21680 --- [backend] [           main] com.zaxxer.hikari.HikariDataSource       : HikariPool-1 - Start completed.
2026-05-29T21:22:59.808+07:00  INFO 21680 --- [backend] [           main] j.LocalContainerEntityManagerFactoryBean : Initialized JPA EntityManagerFactory for persistence unit 'default'
2026-05-29T21:23:00.580+07:00  INFO 21680 --- [backend] [           main] o.s.d.j.r.query.QueryEnhancerFactory     : Hibernate is in classpath; If applicable, HQL parser will be used.
2026-05-29T21:23:04.280+07:00  WARN 21680 --- [backend] [           main] JpaBaseConfiguration$JpaWebConfiguration : spring.jpa.open-in-view is enabled by default. Therefore, database queries may be performed during view rendering. Explicitly configure spring.jpa.open-in-view to disable this warning
2026-05-29T21:23:05.160+07:00  INFO 21680 --- [backend] [           main] o.s.s.web.DefaultSecurityFilterChain     : Will secure any request with [org.springframework.security.web.session.DisableEncodeUrlFilter@749e120e, org.springframework.security.web.context.request.async.WebAsyncManagerIntegrationFilter@5a253cca, org.springframework.security.web.context.SecurityContextHolderFilter@111eae09, org.springframework.security.web.header.HeaderWriterFilter@2ce8ce50, org.springframework.web.filter.CorsFilter@6e613ceb, org.springframework.security.web.authentication.logout.LogoutFilter@64db6fdb, com.project.security.JwtAuthenticationFilter@4c90e6f5, org.springframework.security.web.savedrequest.RequestCacheAwareFilter@504f9412, org.springframework.security.web.servletapi.SecurityContextHolderAwareRequestFilter@25600e60, org.springframework.security.web.authentication.AnonymousAuthenticationFilter@2df721a, org.springframework.security.web.session.SessionManagementFilter@e9651f4, org.springframework.security.web.access.ExceptionTranslationFilter@71c24598, org.springframework.security.web.access.intercept.AuthorizationFilter@54ac0b9e]
2026-05-29T21:23:06.115+07:00  INFO 21680 --- [backend] [           main] o.s.b.t.m.w.SpringBootMockServletContext : Initializing Spring TestDispatcherServlet ''
2026-05-29T21:23:06.115+07:00  INFO 21680 --- [backend] [           main] o.s.t.web.servlet.TestDispatcherServlet  : Initializing Servlet ''
2026-05-29T21:23:06.119+07:00  INFO 21680 --- [backend] [           main] o.s.t.web.servlet.TestDispatcherServlet  : Completed initialization in 2 ms
2026-05-29T21:23:06.195+07:00  INFO 21680 --- [backend] [           main] riptionControllerSecurityIntegrationTest : Started PrescriptionControllerSecurityIntegrationTest in 26.291 seconds (process running for 29.047)
2026-05-29T21:23:06.319+07:00  INFO 21680 --- [backend] [           main] com.project.BackendApplication           : Checking data for user: admin@care.com
2026-05-29T21:23:06.563+07:00  INFO 21680 --- [backend] [           main] com.project.BackendApplication           : Admin user already exists. Skipping password update.
2026-05-29T21:23:06.658+07:00  INFO 21680 --- [backend] [           main] com.project.BackendApplication           : Database has 39 patients. Skipping mock seed.
]]></system-out>
    <system-err><![CDATA[WARNING: A Java agent has been loaded dynamically (C:\Users\ANH NGOC\.m2\repository\net\bytebuddy\byte-buddy-agent\1.14.12\byte-buddy-agent-1.14.12.jar)
WARNING: If a serviceability tool is in use, please run with -XX:+EnableDynamicAgentLoading to hide this warning
WARNING: If a serviceability tool is not in use, please run with -Djdk.instrument.traceUsage for more information
WARNING: Dynamic loading of agents will be disallowed by default in a future release
]]></system-err>
  </testcase>
  <testcase name="whenCreatePrescriptionWithoutToken_thenUnauthorized" classname="com.project.controller.PrescriptionControllerSecurityIntegrationTest" time="0.026">
    <system-out><![CDATA[2026-05-29T21:23:07.215+07:00 ERROR 21680 --- [backend] [           main] c.p.s.JwtAuthenticationEntryPoint        : Unauthorized error: Full authentication is required to access this resource
]]></system-out>
  </testcase>
  <testcase name="whenCreatePrescriptionAsDoctorAndCannotAccessPatient_thenForbidden" classname="com.project.controller.PrescriptionControllerSecurityIntegrationTest" time="0.175">
    <system-out><![CDATA[2026-05-29T21:23:07.387+07:00  WARN 21680 --- [backend] [           main] c.p.exception.GlobalExceptionHandler     : Access denied: Access Denied
]]></system-out>
  </testcase>
  <testcase name="whenGetPrescriptionsAsPatient_thenForbidden" classname="com.project.controller.PrescriptionControllerSecurityIntegrationTest" time="0.022">
    <system-out><![CDATA[2026-05-29T21:23:07.414+07:00  WARN 21680 --- [backend] [           main] c.p.exception.GlobalExceptionHandler     : Access denied: Access Denied
]]></system-out>
  </testcase>
  <testcase name="whenGetStatsAsDoctor_thenSuccess" classname="com.project.controller.PrescriptionControllerSecurityIntegrationTest" time="0.018"/>
  <testcase name="whenGetStatsWithoutToken_thenUnauthorized" classname="com.project.controller.PrescriptionControllerSecurityIntegrationTest" time="0.011">
    <system-out><![CDATA[2026-05-29T21:23:07.450+07:00 ERROR 21680 --- [backend] [           main] c.p.s.JwtAuthenticationEntryPoint        : Unauthorized error: Full authentication is required to access this resource
]]></system-out>
  </testcase>
  <testcase name="whenCreatePrescriptionAsPatient_thenForbidden" classname="com.project.controller.PrescriptionControllerSecurityIntegrationTest" time="0.016">
    <system-out><![CDATA[2026-05-29T21:23:07.467+07:00  WARN 21680 --- [backend] [           main] c.p.exception.GlobalExceptionHandler     : Access denied: Access Denied
]]></system-out>
  </testcase>
  <testcase name="whenGetStatsAsPatient_thenForbidden" classname="com.project.controller.PrescriptionControllerSecurityIntegrationTest" time="0.014">
    <system-out><![CDATA[2026-05-29T21:23:07.486+07:00  WARN 21680 --- [backend] [           main] c.p.exception.GlobalExceptionHandler     : Access denied: Access Denied
]]></system-out>
  </testcase>
  <testcase name="whenCreatePrescriptionAsDoctorAndCanAccessPatient_thenSuccess" classname="com.project.controller.PrescriptionControllerSecurityIntegrationTest" time="0.02"/>
  <testcase name="whenGetPrescriptionsWithoutToken_thenUnauthorized" classname="com.project.controller.PrescriptionControllerSecurityIntegrationTest" time="0.012">
    <system-out><![CDATA[2026-05-29T21:23:07.525+07:00 ERROR 21680 --- [backend] [           main] c.p.s.JwtAuthenticationEntryPoint        : Unauthorized error: Full authentication is required to access this resource
]]></system-out>
  </testcase>
</testsuite>